<?xml version="1.0" encoding="UTF-8"?>
<!-- Generated by org.testng.reporters.JUnitReportReporter -->
<testsuite skipped="1" hostname="Mir-PC" name="toolsQA.PracticeToolsQA" tests="2" failures="0" timestamp="18 Nov 2020 03:16:19 GMT" time="5.320" errors="0">
  <testcase name="bearerAthentication" time="5.320" classname="toolsQA.PracticeToolsQA"/>
  <testcase name="basicAthentication" classname="toolsQA.PracticeToolsQA">
    <skipped/>
  </testcase> <!-- basicAthentication -->
</testsuite> <!-- toolsQA.PracticeToolsQA -->
