<?xml version="1.0" encoding="UTF-8"?>
<!-- Generated by org.testng.reporters.JUnitReportReporter -->
<testsuite skipped="0" hostname="Mir-PC" name="https.reqres.in.GetRequest" tests="1" failures="0" timestamp="26 Dec 2020 20:54:52 GMT" time="5.669" errors="0">
  <testcase name="getMethod" time="5.669" classname="https.reqres.in.GetRequest"/>
</testsuite> <!-- https.reqres.in.GetRequest -->
