<?xml version="1.0" encoding="UTF-8"?>
<!-- Generated by org.testng.reporters.JUnitReportReporter -->
<testsuite skipped="0" hostname="Mir-PC" name="json_server.BiggDecimal" tests="1" failures="0" timestamp="15 Nov 2020 07:14:58 GMT" time="4.296" errors="0">
  <testcase name="decimal" time="4.296" classname="json_server.BiggDecimal"/>
</testsuite> <!-- json_server.BiggDecimal -->
