<?xml version="1.0" encoding="UTF-8"?>
<!-- Generated by org.testng.reporters.JUnitReportReporter -->
<testsuite skipped="0" hostname="Mir-PC" name="shettyGoogleAPI.SpecBuilderTest" tests="1" failures="0" timestamp="22 Nov 2020 04:29:49 GMT" time="4.558" errors="0">
  <testcase name="postMethod" time="4.558" classname="shettyGoogleAPI.SpecBuilderTest"/>
</testsuite> <!-- shettyGoogleAPI.SpecBuilderTest -->
