<?xml version="1.0" encoding="UTF-8"?>
<!-- Generated by org.testng.reporters.JUnitReportReporter -->
<testsuite skipped="0" hostname="Mir-PC" name="github_Usage_RestAssurd.HTTP_Method" tests="1" failures="0" timestamp="10 Dec 2020 06:08:10 GMT" time="4.844" errors="0">
  <testcase name="getMethod" time="4.844" classname="github_Usage_RestAssurd.HTTP_Method"/>
</testsuite> <!-- github_Usage_RestAssurd.HTTP_Method -->
