<?xml version="1.0" encoding="UTF-8"?>
<!-- Generated by org.testng.reporters.JUnitReportReporter -->
<testsuite skipped="0" hostname="Mir-PC" name="https.reqres.in.PostApi" tests="1" failures="0" timestamp="26 Dec 2020 21:45:18 GMT" time="4.598" errors="0">
  <testcase name="post" time="4.598" classname="https.reqres.in.PostApi"/>
</testsuite> <!-- https.reqres.in.PostApi -->
