<?xml version="1.0" encoding="UTF-8"?>
<!-- Generated by org.testng.reporters.JUnitReportReporter -->
<testsuite skipped="0" hostname="Mir-PC" name="practice.PlayForPractice" tests="1" failures="0" timestamp="03 Nov 2020 05:55:05 GMT" time="7.162" errors="0">
  <testcase name="testingTest" time="7.162" classname="practice.PlayForPractice"/>
</testsuite> <!-- practice.PlayForPractice -->
