<?xml version="1.0" encoding="UTF-8"?>
<!-- Generated by org.testng.reporters.JUnitReportReporter -->
<testsuite hostname="Mir-PC" failures="0" tests="1" name="oAuth2.Oauth2_Test" time="8.513" errors="0" timestamp="24 Dec 2020 11:29:38 GMT" skipped="0">
  <testcase classname="oAuth2.Oauth2_Test" name="simple" time="8.513"/>
</testsuite> <!-- oAuth2.Oauth2_Test -->
