<?xml version="1.0" encoding="UTF-8"?>
<!-- Generated by org.testng.reporters.JUnitReportReporter -->
<testsuite skipped="6" hostname="Mir-PC" name="toolsQA.Authentication" tests="7" failures="0" timestamp="18 Nov 2020 01:50:54 GMT" time="5.248" errors="0">
  <testcase name="authenticateUserTest" time="5.248" classname="toolsQA.Authentication"/>
  <testcase name="deleteBook" classname="toolsQA.Authentication">
    <skipped/>
  </testcase> <!-- deleteBook -->
  <testcase name="userBooksDelete" classname="toolsQA.Authentication">
    <skipped/>
  </testcase> <!-- userBooksDelete -->
  <testcase name="addBookandDeleteBookTest" classname="toolsQA.Authentication">
    <skipped/>
  </testcase> <!-- addBookandDeleteBookTest -->
  <testcase name="bearerTokenAuthenticationTest" classname="toolsQA.Authentication">
    <skipped/>
  </testcase> <!-- bearerTokenAuthenticationTest -->
  <testcase name="removeBookFromUser" classname="toolsQA.Authentication">
    <skipped/>
  </testcase> <!-- removeBookFromUser -->
  <testcase name="amIauthorized" classname="toolsQA.Authentication">
    <skipped/>
  </testcase> <!-- amIauthorized -->
</testsuite> <!-- toolsQA.Authentication -->
