<?xml version="1.0" encoding="UTF-8"?>
<!-- Generated by org.testng.reporters.JUnitReportReporter -->
<testsuite skipped="0" hostname="Mir-PC" name="practice.StartRest5_2" tests="1" failures="0" timestamp="05 Dec 2020 01:19:15 GMT" time="5.408" errors="0">
  <testcase name="play" time="5.408" classname="practice.StartRest5_2"/>
</testsuite> <!-- practice.StartRest5_2 -->
