<?xml version="1.0" encoding="UTF-8"?>
<!-- Generated by org.testng.reporters.JUnitReportReporter -->
<testsuite skipped="0" hostname="Mir-PC" name="https.reqres.in.GetRequest2" tests="1" failures="0" timestamp="26 Dec 2020 21:04:03 GMT" time="3.842" errors="0">
  <testcase name="getMethod" time="3.842" classname="https.reqres.in.GetRequest2"/>
</testsuite> <!-- https.reqres.in.GetRequest2 -->
