<?xml version="1.0" encoding="UTF-8"?>
<!-- Generated by org.testng.reporters.JUnitReportReporter -->
<testsuite skipped="0" hostname="Mir-PC" name="com.rahulshetty.google.BasicCRUD" tests="1" failures="0" timestamp="03 Dec 2020 10:08:28 GMT" time="5.575" errors="0">
  <testcase name="cRUD" time="5.575" classname="com.rahulshetty.google.BasicCRUD"/>
</testsuite> <!-- com.rahulshetty.google.BasicCRUD -->
