<?xml version="1.0" encoding="UTF-8"?>
<!-- Generated by org.testng.reporters.JUnitReportReporter -->
<testsuite skipped="0" hostname="Mir-PC" name="pojo_class.Oauth2Test" tests="1" failures="0" timestamp="22 Nov 2020 00:07:38 GMT" time="5.870" errors="0">
  <testcase name="simple" time="5.870" classname="pojo_class.Oauth2Test"/>
</testsuite> <!-- pojo_class.Oauth2Test -->
