<?xml version="1.0" encoding="UTF-8"?>
<!-- Generated by org.testng.reporters.JUnitReportReporter -->
<testsuite skipped="0" hostname="Mir-PC" name="libraryAPI.Library" tests="2" failures="0" timestamp="07 Dec 2020 02:57:13 GMT" time="4.879" errors="0">
  <testcase name="addRetrieveBook" time="4.843" classname="libraryAPI.Library"/>
  <testcase name="addRetrieveBook2" time="0.036" classname="libraryAPI.Library"/>
</testsuite> <!-- libraryAPI.Library -->
