<?xml version="1.0" encoding="UTF-8"?>
<!-- Generated by org.testng.reporters.JUnitReportReporter -->
<testsuite hostname="Mir-PC" failures="0" tests="2" name="sdet.StudenAPITestWithSerialization" time="4.862" errors="0" timestamp="24 Dec 2020 12:47:55 GMT" skipped="0">
  <testcase classname="sdet.StudenAPITestWithSerialization" name="createNewStudenSerialization" time="4.707"/>
  <testcase classname="sdet.StudenAPITestWithSerialization" name="getStudentRecordedDeserialization" time="0.155"/>
</testsuite> <!-- sdet.StudenAPITestWithSerialization -->
