<?xml version="1.0" encoding="UTF-8"?>
<!-- Generated by org.testng.reporters.JUnitReportReporter -->
<testsuite skipped="0" hostname="Mir-PC" name="sdet.Student" tests="2" failures="0" timestamp="20 Nov 2020 16:37:16 GMT" time="6.647" errors="0">
  <testcase name="hashMapConcept" time="6.519" classname="sdet.Student"/>
  <testcase name="getStudentRecord" time="0.128" classname="sdet.Student"/>
</testsuite> <!-- sdet.Student -->
