<?xml version="1.0" encoding="UTF-8"?>
<!-- Generated by org.testng.reporters.JUnitReportReporter -->
<testsuite skipped="0" hostname="Mir-PC" name="practice.StartRest5_1" tests="1" failures="0" timestamp="11 Nov 2020 01:07:26 GMT" time="6.357" errors="0">
  <testcase name="play" time="6.357" classname="practice.StartRest5_1"/>
</testsuite> <!-- practice.StartRest5_1 -->
