<?xml version="1.0" encoding="UTF-8"?>
<!-- Generated by org.testng.reporters.JUnitReportReporter -->
<testsuite skipped="0" hostname="Mir-PC" name="https.reqres.in.PostApi2" tests="1" failures="0" timestamp="26 Dec 2020 21:49:49 GMT" time="3.835" errors="0">
  <testcase name="post" time="3.835" classname="https.reqres.in.PostApi2"/>
</testsuite> <!-- https.reqres.in.PostApi2 -->
