<?xml version="1.0" encoding="UTF-8"?>
<!-- Generated by org.testng.reporters.JUnitReportReporter -->
<testsuite skipped="0" hostname="Mir-PC" name="oAuth2.Oauth2_Test" tests="1" failures="0" timestamp="21 Nov 2020 18:19:05 GMT" time="7.169" errors="0">
  <testcase name="simple" time="7.169" classname="oAuth2.Oauth2_Test"/>
</testsuite> <!-- oAuth2.Oauth2_Test -->
