<?xml version="1.0" encoding="UTF-8"?>
<!-- Generated by org.testng.reporters.JUnitReportReporter -->
<testsuite skipped="0" hostname="Mir-PC" name="jira.SessionId" tests="1" failures="0" timestamp="07 Dec 2020 20:50:34 GMT" time="6.883" errors="0">
  <testcase name="sessionAuth" time="6.883" classname="jira.SessionId"/>
</testsuite> <!-- jira.SessionId -->
