<?xml version="1.0" encoding="UTF-8"?>
<!-- Generated by org.testng.reporters.JUnitReportReporter -->
<testsuite skipped="0" hostname="Mir-PC" name="sdet_CreateJSON.StudenAPITestWithSerialization" tests="2" failures="0" timestamp="26 Dec 2020 09:17:26 GMT" time="5.886" errors="0">
  <testcase name="createNewStudenSerialization" time="5.637" classname="sdet_CreateJSON.StudenAPITestWithSerialization"/>
  <testcase name="getStudentRecordedDeserialization" time="0.249" classname="sdet_CreateJSON.StudenAPITestWithSerialization"/>
</testsuite> <!-- sdet_CreateJSON.StudenAPITestWithSerialization -->
