<?xml version="1.0" encoding="UTF-8"?>
<!-- Generated by org.testng.reporters.JUnitReportReporter -->
<testsuite skipped="0" hostname="Mir-PC" name="https.reqres.in.JSONObjectAsBodyPost" tests="1" failures="0" timestamp="26 Dec 2020 22:47:00 GMT" time="5.253" errors="0">
  <testcase name="post" time="5.253" classname="https.reqres.in.JSONObjectAsBodyPost"/>
</testsuite> <!-- https.reqres.in.JSONObjectAsBodyPost -->
