<?xml version="1.0" encoding="UTF-8"?>
<!-- Generated by org.testng.reporters.JUnitReportReporter -->
<testsuite skipped="0" hostname="Mir-PC" name="com.rahulshetty.google.BasicCRUD2" tests="1" failures="0" timestamp="04 Dec 2020 09:50:11 GMT" time="10.546" errors="0">
  <testcase name="cRUD" time="10.546" classname="com.rahulshetty.google.BasicCRUD2"/>
</testsuite> <!-- com.rahulshetty.google.BasicCRUD2 -->
