<?xml version="1.0" encoding="UTF-8"?>
<!-- Generated by org.testng.reporters.JUnitReportReporter -->
<testsuite skipped="0" hostname="Mir-PC" name="com.rahulshetty.google.BasicCRUD3" tests="1" failures="0" timestamp="03 Dec 2020 12:52:34 GMT" time="11.862" errors="0">
  <testcase name="cRUD" time="11.862" classname="com.rahulshetty.google.BasicCRUD3"/>
</testsuite> <!-- com.rahulshetty.google.BasicCRUD3 -->
