<?xml version="1.0" encoding="UTF-8"?>
<!-- Generated by org.testng.reporters.JUnitReportReporter -->
<testsuite skipped="0" hostname="Mir-PC" name="https.reqres.in.PostApiComplexJson" tests="1" failures="0" timestamp="27 Dec 2020 00:48:57 GMT" time="4.330" errors="0">
  <testcase name="post" time="4.330" classname="https.reqres.in.PostApiComplexJson"/>
</testsuite> <!-- https.reqres.in.PostApiComplexJson -->
