<?xml version="1.0" encoding="UTF-8"?>
<!-- Generated by org.testng.reporters.JUnitReportReporter -->
<testsuite skipped="0" hostname="Mir-PC" name="toolsQA.Get_Request" tests="1" failures="0" timestamp="16 Nov 2020 17:03:01 GMT" time="4.085" errors="0">
  <testcase name="get" time="4.085" classname="toolsQA.Get_Request"/>
</testsuite> <!-- toolsQA.Get_Request -->
