<?xml version="1.0" encoding="UTF-8"?>
<!-- Generated by org.testng.reporters.JUnitReportReporter -->
<testsuite skipped="0" hostname="Mir-PC" name="libraryAPI.Library" tests="2" failures="0" timestamp="12 Nov 2020 03:25:00 GMT" time="5.396" errors="0">
  <testcase name="addRetrieveBook" time="4.791" classname="libraryAPI.Library"/>
  <testcase name="addRetrieveBook2" time="0.605" classname="libraryAPI.Library"/>
</testsuite> <!-- libraryAPI.Library -->
