<?xml version="1.0" encoding="UTF-8"?>
<!-- Generated by org.testng.reporters.JUnitReportReporter -->
<testsuite skipped="0" hostname="Mir-PC" name="random.RandomPractice" tests="1" failures="0" timestamp="06 Dec 2020 22:40:23 GMT" time="0.012" errors="0">
  <testcase name="testForMathRandom" time="0.012" classname="random.RandomPractice"/>
</testsuite> <!-- random.RandomPractice -->
