<?xml version="1.0" encoding="UTF-8"?>
<!-- Generated by org.testng.reporters.JUnitReportReporter -->
<testsuite skipped="0" hostname="Mir-PC" name="libraryAPI.Library3" tests="3" failures="0" timestamp="12 Nov 2020 09:31:08 GMT" time="5.749" errors="0">
  <testcase name="addRetrieveBook" time="0.497" classname="libraryAPI.Library3"/>
  <testcase name="addRetrieveBook" time="4.778" classname="libraryAPI.Library3"/>
  <testcase name="addRetrieveBook" time="0.474" classname="libraryAPI.Library3"/>
</testsuite> <!-- libraryAPI.Library3 -->
