<?xml version="1.0" encoding="UTF-8"?>
<!-- Generated by org.testng.reporters.JUnitReportReporter -->
<testsuite skipped="0" hostname="Mir-PC" name="toolsQA.PostRequest" tests="1" failures="0" timestamp="16 Nov 2020 18:09:04 GMT" time="3.734" errors="0">
  <testcase name="createUserTest" time="3.734" classname="toolsQA.PostRequest"/>
</testsuite> <!-- toolsQA.PostRequest -->
