<?xml version="1.0" encoding="UTF-8"?>
<!-- Generated by org.testng.reporters.JUnitReportReporter -->
<testsuite skipped="6" hostname="Mir-PC" name="toolsQA.Authentication" tests="7" failures="0" timestamp="17 Nov 2020 19:39:10 GMT" time="4.640" errors="0">
  <testcase name="deleteBook" time="4.640" classname="toolsQA.Authentication"/>
  <testcase name="userBooksDelete" classname="toolsQA.Authentication">
    <skipped/>
  </testcase> <!-- userBooksDelete -->
  <testcase name="addBookandDeleteBookTest" classname="toolsQA.Authentication">
    <skipped/>
  </testcase> <!-- addBookandDeleteBookTest -->
  <testcase name="bearerTokenAuthenticationTest" classname="toolsQA.Authentication">
    <skipped/>
  </testcase> <!-- bearerTokenAuthenticationTest -->
  <testcase name="authenticateUserTest" classname="toolsQA.Authentication">
    <skipped/>
  </testcase> <!-- authenticateUserTest -->
  <testcase name="removeBookFromUser" classname="toolsQA.Authentication">
    <skipped/>
  </testcase> <!-- removeBookFromUser -->
  <testcase name="amIauthorized" classname="toolsQA.Authentication">
    <skipped/>
  </testcase> <!-- amIauthorized -->
</testsuite> <!-- toolsQA.Authentication -->
