<?xml version="1.0" encoding="UTF-8"?>
<!-- Generated by org.testng.reporters.JUnitReportReporter -->
<testsuite skipped="0" hostname="Mir-PC" name="https.reqres.in.HashMapAsBody" tests="1" failures="0" timestamp="26 Dec 2020 22:43:12 GMT" time="5.262" errors="0">
  <testcase name="post" time="5.262" classname="https.reqres.in.HashMapAsBody"/>
</testsuite> <!-- https.reqres.in.HashMapAsBody -->
