<?xml version="1.0" encoding="UTF-8"?>
<!-- Generated by org.testng.reporters.JUnitReportReporter -->
<testsuite skipped="0" hostname="Mir-PC" name="json_server.HTTP_Method" tests="1" failures="0" timestamp="14 Nov 2020 06:27:07 GMT" time="4.457" errors="0">
  <testcase name="getMethod" time="4.457" classname="json_server.HTTP_Method"/>
</testsuite> <!-- json_server.HTTP_Method -->
