<?xml version="1.0" encoding="UTF-8"?>
<!-- Generated by org.testng.reporters.JUnitReportReporter -->
<testsuite skipped="0" hostname="Mir-PC" name="practice.StartRest5_2" tests="1" failures="0" timestamp="11 Nov 2020 00:57:05 GMT" time="5.454" errors="0">
  <testcase name="play" time="5.454" classname="practice.StartRest5_2"/>
</testsuite> <!-- practice.StartRest5_2 -->
