<?xml version="1.0" encoding="UTF-8"?>
<!-- Generated by org.testng.reporters.JUnitReportReporter -->
<testsuite skipped="0" hostname="Mir-PC" name="practice.StartRestPlay" tests="1" failures="0" timestamp="03 Nov 2020 02:28:57 GMT" time="7.174" errors="0">
  <testcase name="play" time="7.174" classname="practice.StartRestPlay"/>
</testsuite> <!-- practice.StartRestPlay -->
