<?xml version="1.0" encoding="UTF-8"?>
<!-- Generated by org.testng.reporters.JUnitReportReporter -->
<testsuite skipped="0" hostname="Mir-PC" name="github_Usage_RestAssurd.Store" tests="1" failures="0" timestamp="15 Nov 2020 09:01:03 GMT" time="4.467" errors="0">
  <testcase name="store" time="4.467" classname="github_Usage_RestAssurd.Store"/>
</testsuite> <!-- github_Usage_RestAssurd.Store -->
