<?xml version="1.0" encoding="UTF-8"?>
<!-- Generated by org.testng.reporters.JUnitReportReporter -->
<testsuite skipped="0" hostname="Mir-PC" name="sdet_CreateJSON.Student" tests="2" failures="0" timestamp="26 Dec 2020 09:12:22 GMT" time="5.856" errors="0">
  <testcase name="hashMapConcept" time="5.670" classname="sdet_CreateJSON.Student"/>
  <testcase name="getStudentRecord" time="0.186" classname="sdet_CreateJSON.Student"/>
</testsuite> <!-- sdet_CreateJSON.Student -->
