<?xml version="1.0" encoding="UTF-8"?>
<!-- Generated by org.testng.reporters.JUnitReportReporter -->
<testsuite skipped="0" hostname="Mir-PC" name="serializationTest.GetCoursesTest" tests="1" failures="0" timestamp="26 Dec 2020 08:14:34 GMT" time="0.389" errors="0">
  <testcase name="getSerialization" time="0.389" classname="serializationTest.GetCoursesTest"/>
</testsuite> <!-- serializationTest.GetCoursesTest -->
