<?xml version="1.0" encoding="UTF-8"?>
<!-- Generated by org.testng.reporters.JUnitReportReporter -->
<testsuite skipped="0" hostname="Mir-PC" name="jira.SessionId" tests="1" failures="0" timestamp="13 Nov 2020 02:35:33 GMT" time="5.498" errors="0">
  <testcase name="sessionAuth" time="5.498" classname="jira.SessionId"/>
</testsuite> <!-- jira.SessionId -->
