<?xml version="1.0" encoding="UTF-8"?>
<!-- Generated by org.testng.reporters.JUnitReportReporter -->
<testsuite skipped="0" hostname="Mir-PC" name="https.reqres.in.PostApiJsonFile" tests="1" failures="0" timestamp="26 Dec 2020 23:40:01 GMT" time="3.991" errors="0">
  <testcase name="post" time="3.991" classname="https.reqres.in.PostApiJsonFile"/>
</testsuite> <!-- https.reqres.in.PostApiJsonFile -->
