<?xml version="1.0" encoding="UTF-8"?>
<!-- Generated by org.testng.reporters.JUnitReportReporter -->
<testsuite skipped="0" hostname="Mir-PC" name="practice.OnlyPlaying" tests="1" failures="0" timestamp="21 Oct 2020 00:25:39 GMT" time="5.715" errors="0">
  <testcase name="postHttpMethod" time="5.715" classname="practice.OnlyPlaying"/>
</testsuite> <!-- practice.OnlyPlaying -->
