<?xml version="1.0" encoding="UTF-8"?>
<!-- Generated by org.testng.reporters.JUnitReportReporter -->
<testsuite hostname="Mir-PC" failures="0" tests="2" name="sdet.Student" time="4.740" errors="0" timestamp="24 Dec 2020 12:39:32 GMT" skipped="0">
  <testcase classname="sdet.Student" name="hashMapConcept" time="4.569"/>
  <testcase classname="sdet.Student" name="getStudentRecord" time="0.171"/>
</testsuite> <!-- sdet.Student -->
