<?xml version="1.0" encoding="UTF-8"?>
<!-- Generated by org.testng.reporters.JUnitReportReporter -->
<testsuite skipped="0" hostname="Mir-PC" name="libraryAPI.Library2" tests="1" failures="0" timestamp="12 Nov 2020 08:59:32 GMT" time="5.344" errors="0">
  <testcase name="addRetrieveBook" time="5.344" classname="libraryAPI.Library2"/>
</testsuite> <!-- libraryAPI.Library2 -->
