<?xml version="1.0" encoding="UTF-8"?>
<!-- Generated by org.testng.reporters.JUnitReportReporter -->
<testsuite skipped="0" hostname="Mir-PC" name="https.reqres.in.PostApiJSONObject" tests="1" failures="0" timestamp="27 Dec 2020 01:24:57 GMT" time="4.132" errors="0">
  <testcase name="post" time="4.132" classname="https.reqres.in.PostApiJSONObject"/>
</testsuite> <!-- https.reqres.in.PostApiJSONObject -->
