<?xml version="1.0" encoding="UTF-8"?>
<!-- Generated by org.testng.reporters.JUnitReportReporter -->
<testsuite skipped="0" hostname="Mir-PC" name="shettyGoogleAPI.AddTo" tests="1" failures="0" timestamp="22 Nov 2020 02:24:20 GMT" time="4.843" errors="0">
  <testcase name="postMethod" time="4.843" classname="shettyGoogleAPI.AddTo"/>
</testsuite> <!-- shettyGoogleAPI.AddTo -->
